execve("./hello", ["./hello"], 0xffffdfaeabe0 /* 37 vars */) = 0
brk(NULL)                               = 0xaaab05903000
faccessat(AT_FDCWD, "/etc/ld.so.preload", R_OK) = -1 ENOENT (No such file or directory)
openat(AT_FDCWD, "/etc/ld.so.cache", O_RDONLY|O_CLOEXEC) = 3
fstat(3, {st_mode=S_IFREG|0644, st_size=25392, ...}) = 0
mmap(NULL, 25392, PROT_READ, MAP_PRIVATE, 3, 0) = 0xffff956e6000
close(3)                                = 0
openat(AT_FDCWD, "/lib/aarch64-linux-gnu/libc.so.6", O_RDONLY|O_CLOEXEC) = 3
read(3, "\177ELF\2\1\1\3\0\0\0\0\0\0\0\0\3\0\267\0\1\0\0\0\350A\2\0\0\0\0\0"..., 832) = 832
fstat(3, {st_mode=S_IFREG|0755, st_size=1441800, ...}) = 0
mmap(NULL, 8192, PROT_READ|PROT_WRITE, MAP_PRIVATE|MAP_ANONYMOUS, -1, 0) = 0xffff956e4000
mmap(NULL, 1510480, PROT_READ|PROT_EXEC, MAP_PRIVATE|MAP_DENYWRITE, 3, 0) = 0xffff9554d000
mprotect(0xffff956a6000, 61440, PROT_NONE) = 0
mmap(0xffff956b5000, 24576, PROT_READ|PROT_WRITE, MAP_PRIVATE|MAP_FIXED|MAP_DENYWRITE, 3, 0x158000) = 0xffff956b5000
mmap(0xffff956bb000, 11344, PROT_READ|PROT_WRITE, MAP_PRIVATE|MAP_FIXED|MAP_ANONYMOUS, -1, 0) = 0xffff956bb000
close(3)                                = 0
mprotect(0xffff956b5000, 12288, PROT_READ) = 0
mprotect(0xaaaadba0b000, 4096, PROT_READ) = 0
mprotect(0xffff956ef000, 4096, PROT_READ) = 0
munmap(0xffff956e6000, 25392)           = 0
fstat(1, {st_mode=S_IFCHR|0620, st_rdev=makedev(0x88, 0x2), ...}) = 0
brk(NULL)                               = 0xaaab05903000
brk(0xaaab05924000)                     = 0xaaab05924000
write(1, "hello world\n", 12)           = 12
exit_group(0)                           = ?
+++ exited with 0 +++
